2024-05-08 15:57:18:5718 [31merror[39m: [31mUnable to connect to MySQL.[39m
2024-05-08 15:58:02:582 [32minfo[39m: [32mSuccessfully connected to database[39m
2024-05-08 15:58:02:582 [32minfo[39m: [32mListening on port: 4941[39m
2024-05-08 15:58:26:5826 [35mhttp[39m: [35m##### GET /api/users #####[39m
2024-05-08 15:59:06:596 [35mhttp[39m: [35m##### GET /api/v1/petitions #####[39m
2024-05-08 15:59:06:596 [35mhttp[39m: [35m##### GET /favicon.ico #####[39m
2024-05-08 15:59:40:5940 [35mhttp[39m: [35m##### GET /api/v1/petitions/6 #####[39m
2024-05-08 20:04:43:443 [35mhttp[39m: [35m##### GET /api/v1/petitions/6 #####[39m
2024-05-08 20:04:46:446 [35mhttp[39m: [35m##### GET /api/v1/petitions/6 #####[39m
2024-05-08 20:07:09:79 [35mhttp[39m: [35m##### GET /api/v1/petitions #####[39m
2024-05-08 20:09:35:935 [35mhttp[39m: [35m##### GET /api/v1/petitions #####[39m
2024-05-08 20:09:35:935 [35mhttp[39m: [35m##### GET /api/v1/petitions #####[39m
2024-05-08 20:11:20:1120 [35mhttp[39m: [35m##### GET /api/v1/petitions #####[39m
2024-05-08 20:11:20:1120 [35mhttp[39m: [35m##### GET /api/v1/petitions #####[39m
2024-05-08 20:11:52:1152 [35mhttp[39m: [35m##### GET /api/v1/petitions #####[39m
2024-05-08 20:11:52:1152 [35mhttp[39m: [35m##### GET /api/v1/petitions #####[39m
2024-05-08 20:12:38:1238 [35mhttp[39m: [35m##### GET /api/petitions #####[39m
2024-05-08 20:24:24:2424 [35mhttp[39m: [35m##### GET /api/petitions #####[39m
2024-05-08 20:24:24:2424 [35mhttp[39m: [35m##### GET /api/petitions #####[39m
2024-05-08 20:24:34:2434 [32minfo[39m: [32mSuccessfully connected to database[39m
2024-05-08 20:24:34:2434 [32minfo[39m: [32mListening on port: 4941[39m
2024-05-08 20:24:58:2458 [35mhttp[39m: [35m##### GET /api/v1/petitions/ #####[39m
2024-05-08 20:25:29:2529 [35mhttp[39m: [35m##### GET /api/v1/petitions #####[39m
2024-05-08 20:25:29:2529 [35mhttp[39m: [35m##### GET /api/v1/petitions #####[39m
2024-05-08 20:27:17:2717 [35mhttp[39m: [35m##### GET /api/v1/petitions #####[39m
2024-05-08 20:27:17:2717 [35mhttp[39m: [35m##### GET /api/v1/petitions #####[39m
2024-05-08 20:27:26:2726 [35mhttp[39m: [35m##### GET /api/v1/petitions #####[39m
2024-05-08 20:27:26:2726 [35mhttp[39m: [35m##### GET /api/v1/petitions #####[39m
2024-05-08 20:30:35:3035 [35mhttp[39m: [35m##### GET /api/v1/petitions #####[39m
2024-05-08 20:30:35:3035 [35mhttp[39m: [35m##### GET /api/v1/petitions #####[39m
2024-05-08 20:30:46:3046 [35mhttp[39m: [35m##### GET /api/v1/petitions #####[39m
2024-05-08 20:30:46:3046 [35mhttp[39m: [35m##### GET /api/v1/petitions #####[39m
2024-05-08 20:31:26:3126 [35mhttp[39m: [35m##### GET /api/v1/petitions #####[39m
2024-05-08 20:36:23:3623 [35mhttp[39m: [35m##### GET /api/v1/petitions #####[39m
2024-05-08 20:36:23:3623 [35mhttp[39m: [35m##### GET /api/v1/petitions #####[39m
2024-05-08 20:36:27:3627 [35mhttp[39m: [35m##### GET /api/v1/petitions #####[39m
2024-05-08 20:36:27:3627 [35mhttp[39m: [35m##### GET /api/v1/petitions #####[39m
2024-05-08 20:37:12:3712 [35mhttp[39m: [35m##### GET /api/v1/petitions #####[39m
2024-05-08 20:37:12:3712 [35mhttp[39m: [35m##### GET /api/v1/petitions #####[39m
2024-05-08 20:40:04:404 [35mhttp[39m: [35m##### GET /api/v1/petitions #####[39m
2024-05-08 20:40:04:404 [35mhttp[39m: [35m##### GET /api/v1/petitions #####[39m
2024-05-08 20:51:17:5117 [35mhttp[39m: [35m##### GET /api/v1/petitions #####[39m
2024-05-08 20:51:17:5117 [31merror[39m: [31mread ECONNRESET[39m
2024-05-08 20:51:17:5117 [35mhttp[39m: [35m##### GET /api/v1/petitions #####[39m
2024-05-08 20:51:17:5117 [31merror[39m: [31mError[39m
[31m    at PromisePool.query (C:\Users\ninac\courses\SENG365\petition-site\seng365-reference-server\node_modules\mysql2\promise.js:341:22)[39m
[31m    at C:\Users\ninac\courses\SENG365\petition-site\seng365-reference-server\dist\app\models\petition.model.js:83:44[39m
[31m    at Generator.next (<anonymous>)[39m
[31m    at C:\Users\ninac\courses\SENG365\petition-site\seng365-reference-server\dist\app\models\petition.model.js:8:71[39m
[31m    at new Promise (<anonymous>)[39m
[31m    at __awaiter (C:\Users\ninac\courses\SENG365\petition-site\seng365-reference-server\dist\app\models\petition.model.js:4:12)[39m
[31m    at Object.viewAll (C:\Users\ninac\courses\SENG365\petition-site\seng365-reference-server\dist\app\models\petition.model.js:14:34)[39m
[31m    at C:\Users\ninac\courses\SENG365\petition-site\seng365-reference-server\dist\app\controllers\petition.controller.js:86:42[39m
[31m    at Generator.next (<anonymous>)[39m
[31m    at fulfilled (C:\Users\ninac\courses\SENG365\petition-site\seng365-reference-server\dist\app\controllers\petition.controller.js:28:58) {[39m
[31m  code: 'ECONNREFUSED',[39m
[31m  errno: undefined,[39m
[31m  sql: undefined,[39m
[31m  sqlState: undefined,[39m
[31m  sqlMessage: undefined[39m
[31m}[39m
2024-05-08 20:51:46:5146 [35mhttp[39m: [35m##### GET /api/v1/petitions #####[39m
2024-05-08 20:51:46:5146 [35mhttp[39m: [35m##### GET /api/v1/petitions #####[39m
2024-05-08 20:51:50:5150 [35mhttp[39m: [35m##### GET /api/v1/petitions #####[39m
2024-05-08 20:51:50:5150 [35mhttp[39m: [35m##### GET /api/v1/petitions #####[39m
2024-05-08 20:52:21:5221 [35mhttp[39m: [35m##### GET /api/v1/petitions #####[39m
2024-05-08 20:52:22:5222 [35mhttp[39m: [35m##### GET /api/v1/petitions #####[39m
2024-05-08 20:52:53:5253 [35mhttp[39m: [35m##### GET /api/v1/petitions #####[39m
2024-05-08 20:52:56:5256 [35mhttp[39m: [35m##### GET /api/v1/petitions #####[39m
2024-05-08 20:53:07:537 [35mhttp[39m: [35m##### GET /api/v1/petitions #####[39m
2024-05-08 20:53:09:539 [35mhttp[39m: [35m##### GET /api/v1/petitions #####[39m
2024-05-08 20:53:09:539 [35mhttp[39m: [35m##### GET /api/v1/petitions #####[39m
2024-05-08 20:53:13:5313 [35mhttp[39m: [35m##### GET /api/v1/petitions #####[39m
2024-05-08 20:53:13:5313 [35mhttp[39m: [35m##### GET /api/v1/petitions #####[39m
2024-05-08 20:54:44:5444 [35mhttp[39m: [35m##### GET /api/v1/petitions #####[39m
2024-05-08 20:55:56:5556 [35mhttp[39m: [35m##### GET /api/v1/petitions #####[39m
2024-05-08 20:56:35:5635 [35mhttp[39m: [35m##### GET /api/v1/petitions #####[39m
2024-05-08 20:58:11:5811 [35mhttp[39m: [35m##### GET /api/v1/petitions #####[39m
2024-05-08 20:58:11:5811 [35mhttp[39m: [35m##### GET /api/v1/petitions #####[39m
2024-05-08 20:58:35:5835 [35mhttp[39m: [35m##### GET /api/v1/petitions #####[39m
2024-05-08 21:03:24:324 [35mhttp[39m: [35m##### GET /api/v1/petitions/1 #####[39m
2024-05-08 21:03:29:329 [35mhttp[39m: [35m##### GET /api/v1/petitions/1/image #####[39m
2024-05-08 21:03:30:330 [31merror[39m: [31mENOENT: no such file or directory, open 'C:\Users\ninac\courses\SENG365\petition-site\seng365-reference-server\storage\images\petition_1.png'[39m
2024-05-08 21:06:38:638 [35mhttp[39m: [35m##### GET /api/v1/petitions/1/image #####[39m
2024-05-08 21:06:38:638 [31merror[39m: [31mENOENT: no such file or directory, open 'C:\Users\ninac\courses\SENG365\petition-site\seng365-reference-server\storage\images\petition_1.png'[39m
2024-05-08 21:06:56:656 [35mhttp[39m: [35m##### GET /api/v1/petitions/1/image #####[39m
2024-05-08 21:06:56:656 [31merror[39m: [31mENOENT: no such file or directory, open 'C:\Users\ninac\courses\SENG365\petition-site\seng365-reference-server\storage\images\petition_1.png'[39m
2024-05-08 21:08:26:826 [35mhttp[39m: [35m##### GET /api/v1/petitions #####[39m
2024-05-08 21:08:26:826 [35mhttp[39m: [35m##### GET /api/v1/petitions #####[39m
2024-05-08 21:08:29:829 [35mhttp[39m: [35m##### GET /api/v1/petitions #####[39m
2024-05-08 21:08:29:829 [35mhttp[39m: [35m##### GET /api/v1/petitions #####[39m
2024-05-08 21:08:31:831 [35mhttp[39m: [35m##### GET /api/v1/petitions #####[39m
2024-05-08 21:08:31:831 [35mhttp[39m: [35m##### GET /api/v1/petitions #####[39m
2024-05-08 21:14:40:1440 [35mhttp[39m: [35m##### GET /api/v1/petitions #####[39m
2024-05-08 21:14:40:1440 [31merror[39m: [31mread ECONNRESET[39m
2024-05-08 21:14:40:1440 [35mhttp[39m: [35m##### GET /api/v1/petitions #####[39m
2024-05-08 21:14:40:1440 [31merror[39m: [31mError[39m
[31m    at PromisePool.query (C:\Users\ninac\courses\SENG365\petition-site\seng365-reference-server\node_modules\mysql2\promise.js:341:22)[39m
[31m    at C:\Users\ninac\courses\SENG365\petition-site\seng365-reference-server\dist\app\models\petition.model.js:83:44[39m
[31m    at Generator.next (<anonymous>)[39m
[31m    at C:\Users\ninac\courses\SENG365\petition-site\seng365-reference-server\dist\app\models\petition.model.js:8:71[39m
[31m    at new Promise (<anonymous>)[39m
[31m    at __awaiter (C:\Users\ninac\courses\SENG365\petition-site\seng365-reference-server\dist\app\models\petition.model.js:4:12)[39m
[31m    at Object.viewAll (C:\Users\ninac\courses\SENG365\petition-site\seng365-reference-server\dist\app\models\petition.model.js:14:34)[39m
[31m    at C:\Users\ninac\courses\SENG365\petition-site\seng365-reference-server\dist\app\controllers\petition.controller.js:86:42[39m
[31m    at Generator.next (<anonymous>)[39m
[31m    at fulfilled (C:\Users\ninac\courses\SENG365\petition-site\seng365-reference-server\dist\app\controllers\petition.controller.js:28:58) {[39m
[31m  code: 'ECONNREFUSED',[39m
[31m  errno: undefined,[39m
[31m  sql: undefined,[39m
[31m  sqlState: undefined,[39m
[31m  sqlMessage: undefined[39m
[31m}[39m
2024-05-08 21:15:57:1557 [35mhttp[39m: [35m##### GET /api/v1/petitions #####[39m
2024-05-08 21:15:57:1557 [35mhttp[39m: [35m##### GET /api/v1/petitions #####[39m
2024-05-08 21:27:10:2710 [35mhttp[39m: [35m##### GET /api/v1/petitions #####[39m
2024-05-08 21:27:10:2710 [31merror[39m: [31mread ECONNRESET[39m
2024-05-08 21:27:10:2710 [35mhttp[39m: [35m##### GET /api/v1/petitions #####[39m
2024-05-08 21:27:10:2710 [31merror[39m: [31mError[39m
[31m    at PromisePool.query (C:\Users\ninac\courses\SENG365\petition-site\seng365-reference-server\node_modules\mysql2\promise.js:341:22)[39m
[31m    at C:\Users\ninac\courses\SENG365\petition-site\seng365-reference-server\dist\app\models\petition.model.js:83:44[39m
[31m    at Generator.next (<anonymous>)[39m
[31m    at C:\Users\ninac\courses\SENG365\petition-site\seng365-reference-server\dist\app\models\petition.model.js:8:71[39m
[31m    at new Promise (<anonymous>)[39m
[31m    at __awaiter (C:\Users\ninac\courses\SENG365\petition-site\seng365-reference-server\dist\app\models\petition.model.js:4:12)[39m
[31m    at Object.viewAll (C:\Users\ninac\courses\SENG365\petition-site\seng365-reference-server\dist\app\models\petition.model.js:14:34)[39m
[31m    at C:\Users\ninac\courses\SENG365\petition-site\seng365-reference-server\dist\app\controllers\petition.controller.js:86:42[39m
[31m    at Generator.next (<anonymous>)[39m
[31m    at fulfilled (C:\Users\ninac\courses\SENG365\petition-site\seng365-reference-server\dist\app\controllers\petition.controller.js:28:58) {[39m
[31m  code: 'ECONNREFUSED',[39m
[31m  errno: undefined,[39m
[31m  sql: undefined,[39m
[31m  sqlState: undefined,[39m
[31m  sqlMessage: undefined[39m
[31m}[39m
2024-05-08 21:27:44:2744 [35mhttp[39m: [35m##### GET /api/v1/petitions #####[39m
2024-05-08 21:27:44:2744 [35mhttp[39m: [35m##### GET /api/v1/petitions #####[39m
2024-05-08 21:27:48:2748 [35mhttp[39m: [35m##### GET /api/v1/petitions #####[39m
2024-05-08 21:27:48:2748 [35mhttp[39m: [35m##### GET /api/v1/petitions #####[39m
2024-05-08 21:27:53:2753 [35mhttp[39m: [35m##### GET /api/v1/petitions #####[39m
2024-05-08 21:27:53:2753 [35mhttp[39m: [35m##### GET /api/v1/petitions #####[39m
2024-05-08 21:29:16:2916 [35mhttp[39m: [35m##### GET /api/v1/petitions #####[39m
2024-05-08 21:29:16:2916 [35mhttp[39m: [35m##### GET /api/v1/petitions #####[39m
2024-05-08 21:29:20:2920 [35mhttp[39m: [35m##### GET /api/v1/petitions #####[39m
2024-05-08 21:29:20:2920 [35mhttp[39m: [35m##### GET /api/v1/petitions #####[39m
2024-05-08 21:29:48:2948 [35mhttp[39m: [35m##### GET /api/v1/petitions/7 #####[39m
2024-05-08 21:39:40:3940 [35mhttp[39m: [35m##### GET /api/v1/petitions/7 #####[39m
2024-05-08 21:39:40:3940 [31merror[39m: [31mread ECONNRESET[39m
2024-05-08 21:39:40:3940 [35mhttp[39m: [35m##### GET /api/v1/petitions/7 #####[39m
2024-05-08 21:39:40:3940 [31merror[39m: [31mError[39m
[31m    at PromisePool.query (C:\Users\ninac\courses\SENG365\petition-site\seng365-reference-server\node_modules\mysql2\promise.js:341:22)[39m
[31m    at C:\Users\ninac\courses\SENG365\petition-site\seng365-reference-server\dist\app\models\petition.model.js:104:44[39m
[31m    at Generator.next (<anonymous>)[39m
[31m    at C:\Users\ninac\courses\SENG365\petition-site\seng365-reference-server\dist\app\models\petition.model.js:8:71[39m
[31m    at new Promise (<anonymous>)[39m
[31m    at __awaiter (C:\Users\ninac\courses\SENG365\petition-site\seng365-reference-server\dist\app\models\petition.model.js:4:12)[39m
[31m    at Object.getOne (C:\Users\ninac\courses\SENG365\petition-site\seng365-reference-server\dist\app\models\petition.model.js:90:24)[39m
[31m    at C:\Users\ninac\courses\SENG365\petition-site\seng365-reference-server\dist\app\controllers\petition.controller.js:106:41[39m
[31m    at Generator.next (<anonymous>)[39m
[31m    at C:\Users\ninac\courses\SENG365\petition-site\seng365-reference-server\dist\app\controllers\petition.controller.js:31:71 {[39m
[31m  code: 'ECONNREFUSED',[39m
[31m  errno: undefined,[39m
[31m  sql: undefined,[39m
[31m  sqlState: undefined,[39m
[31m  sqlMessage: undefined[39m
[31m}[39m
2024-05-08 21:40:21:4021 [35mhttp[39m: [35m##### GET /api/v1/petitions #####[39m
2024-05-08 21:40:21:4021 [35mhttp[39m: [35m##### GET /api/v1/petitions #####[39m
2024-05-08 21:40:22:4022 [35mhttp[39m: [35m##### GET /api/v1/petitions/1 #####[39m
2024-05-08 21:40:22:4022 [35mhttp[39m: [35m##### GET /api/v1/petitions/1 #####[39m
2024-05-08 21:40:51:4051 [35mhttp[39m: [35m##### OPTIONS /api/v1/petitions/1 #####[39m
2024-05-08 21:40:51:4051 [35mhttp[39m: [35m##### PUT /api/v1/petitions/1 #####[39m
2024-05-08 21:40:54:4054 [35mhttp[39m: [35m##### GET /api/v1/petitions #####[39m
2024-05-08 21:40:54:4054 [35mhttp[39m: [35m##### GET /api/v1/petitions #####[39m
2024-05-08 21:40:56:4056 [35mhttp[39m: [35m##### GET /api/v1/petitions/1 #####[39m
2024-05-08 21:40:56:4056 [35mhttp[39m: [35m##### GET /api/v1/petitions/1 #####[39m
2024-05-08 21:41:04:414 [35mhttp[39m: [35m##### OPTIONS /api/v1/petitions/1 #####[39m
2024-05-08 21:41:04:414 [35mhttp[39m: [35m##### PUT /api/v1/petitions/1 #####[39m
2024-05-08 21:41:05:415 [35mhttp[39m: [35m##### GET /api/v1/petitions #####[39m
2024-05-08 21:41:05:415 [35mhttp[39m: [35m##### GET /api/v1/petitions #####[39m
2024-05-08 21:44:03:443 [35mhttp[39m: [35m##### GET /api/v1/petitions #####[39m
2024-05-08 21:44:03:443 [35mhttp[39m: [35m##### GET /api/v1/petitions #####[39m
2024-05-08 21:44:09:449 [35mhttp[39m: [35m##### GET /api/v1/petitions/6 #####[39m
2024-05-08 21:44:09:449 [35mhttp[39m: [35m##### GET /api/v1/petitions/6 #####[39m
2024-05-08 21:44:13:4413 [35mhttp[39m: [35m##### GET /api/v1/petitions #####[39m
2024-05-08 21:44:13:4413 [35mhttp[39m: [35m##### GET /api/v1/petitions #####[39m
2024-05-08 21:44:15:4415 [35mhttp[39m: [35m##### GET /api/v1/petitions/1 #####[39m
2024-05-08 21:44:15:4415 [35mhttp[39m: [35m##### GET /api/v1/petitions/1 #####[39m
2024-05-08 21:44:35:4435 [35mhttp[39m: [35m##### OPTIONS /api/v1/petitions/1 #####[39m
2024-05-08 21:44:35:4435 [35mhttp[39m: [35m##### PUT /api/v1/petitions/1 #####[39m
2024-05-08 21:44:39:4439 [35mhttp[39m: [35m##### GET /api/v1/petitions/1 #####[39m
2024-05-08 21:44:39:4439 [35mhttp[39m: [35m##### GET /api/v1/petitions/1 #####[39m
2024-05-08 21:44:41:4441 [35mhttp[39m: [35m##### GET /api/v1/petitions #####[39m
2024-05-08 21:44:41:4441 [35mhttp[39m: [35m##### GET /api/v1/petitions #####[39m
2024-05-08 21:44:49:4449 [35mhttp[39m: [35m##### GET /api/v1/petitions/1 #####[39m
2024-05-08 21:44:49:4449 [35mhttp[39m: [35m##### GET /api/v1/petitions/1 #####[39m
2024-05-08 21:44:50:4450 [35mhttp[39m: [35m##### GET /api/v1/petitions #####[39m
2024-05-08 21:44:50:4450 [35mhttp[39m: [35m##### GET /api/v1/petitions #####[39m
2024-05-08 21:52:17:5217 [35mhttp[39m: [35m##### GET /api/v1/petitions #####[39m
2024-05-08 21:52:17:5217 [31merror[39m: [31mread ECONNRESET[39m
2024-05-08 21:52:17:5217 [35mhttp[39m: [35m##### GET /api/v1/petitions #####[39m
2024-05-08 21:52:17:5217 [31merror[39m: [31mError[39m
[31m    at PromisePool.query (C:\Users\ninac\courses\SENG365\petition-site\seng365-reference-server\node_modules\mysql2\promise.js:341:22)[39m
[31m    at C:\Users\ninac\courses\SENG365\petition-site\seng365-reference-server\dist\app\models\petition.model.js:83:44[39m
[31m    at Generator.next (<anonymous>)[39m
[31m    at C:\Users\ninac\courses\SENG365\petition-site\seng365-reference-server\dist\app\models\petition.model.js:8:71[39m
[31m    at new Promise (<anonymous>)[39m
[31m    at __awaiter (C:\Users\ninac\courses\SENG365\petition-site\seng365-reference-server\dist\app\models\petition.model.js:4:12)[39m
[31m    at Object.viewAll (C:\Users\ninac\courses\SENG365\petition-site\seng365-reference-server\dist\app\models\petition.model.js:14:34)[39m
[31m    at C:\Users\ninac\courses\SENG365\petition-site\seng365-reference-server\dist\app\controllers\petition.controller.js:86:42[39m
[31m    at Generator.next (<anonymous>)[39m
[31m    at fulfilled (C:\Users\ninac\courses\SENG365\petition-site\seng365-reference-server\dist\app\controllers\petition.controller.js:28:58) {[39m
[31m  code: 'ECONNREFUSED',[39m
[31m  errno: undefined,[39m
[31m  sql: undefined,[39m
[31m  sqlState: undefined,[39m
[31m  sqlMessage: undefined[39m
[31m}[39m
2024-05-08 21:52:49:5249 [35mhttp[39m: [35m##### GET /api/v1/petitions #####[39m
2024-05-08 21:52:49:5249 [35mhttp[39m: [35m##### GET /api/v1/petitions #####[39m
2024-05-08 21:52:58:5258 [35mhttp[39m: [35m##### GET /api/v1/petitions #####[39m
2024-05-08 21:57:54:5754 [35mhttp[39m: [35m##### GET /api/v1/petitions/6/image #####[39m
2024-05-08 21:57:54:5754 [35mhttp[39m: [35m##### GET /api/v1/petitions #####[39m
2024-05-08 21:57:54:5754 [35mhttp[39m: [35m##### GET /api/v1/petitions/2/image #####[39m
2024-05-08 21:57:54:5754 [35mhttp[39m: [35m##### GET /api/v1/petitions/1/image #####[39m
2024-05-08 21:57:54:5754 [31merror[39m: [31mENOENT: no such file or directory, open 'C:\Users\ninac\courses\SENG365\petition-site\seng365-reference-server\storage\images\petition_6.png'[39m
2024-05-08 21:57:54:5754 [35mhttp[39m: [35m##### GET /api/v1/petitions/7/image #####[39m
2024-05-08 21:57:54:5754 [31merror[39m: [31mENOENT: no such file or directory, open 'C:\Users\ninac\courses\SENG365\petition-site\seng365-reference-server\storage\images\petition_7.png'[39m
2024-05-08 21:57:54:5754 [31merror[39m: [31mENOENT: no such file or directory, open 'C:\Users\ninac\courses\SENG365\petition-site\seng365-reference-server\storage\images\petition_2.png'[39m
2024-05-08 21:57:54:5754 [31merror[39m: [31mENOENT: no such file or directory, open 'C:\Users\ninac\courses\SENG365\petition-site\seng365-reference-server\storage\images\petition_1.png'[39m
2024-05-08 21:57:54:5754 [35mhttp[39m: [35m##### GET /api/v1/petitions/8/image #####[39m
2024-05-08 21:57:54:5754 [35mhttp[39m: [35m##### GET /api/v1/petitions/4/image #####[39m
2024-05-08 21:57:54:5754 [35mhttp[39m: [35m##### GET /api/v1/petitions/9/image #####[39m
2024-05-08 21:57:54:5754 [31merror[39m: [31mENOENT: no such file or directory, open 'C:\Users\ninac\courses\SENG365\petition-site\seng365-reference-server\storage\images\petition_8.png'[39m
2024-05-08 21:57:54:5754 [31merror[39m: [31mENOENT: no such file or directory, open 'C:\Users\ninac\courses\SENG365\petition-site\seng365-reference-server\storage\images\petition_4.png'[39m
2024-05-08 21:57:54:5754 [31merror[39m: [31mENOENT: no such file or directory, open 'C:\Users\ninac\courses\SENG365\petition-site\seng365-reference-server\storage\images\petition_9.png'[39m
2024-05-08 21:57:54:5754 [35mhttp[39m: [35m##### GET /api/v1/petitions/10/image #####[39m
2024-05-08 21:57:54:5754 [35mhttp[39m: [35m##### GET /api/v1/petitions/3/image #####[39m
2024-05-08 21:57:54:5754 [35mhttp[39m: [35m##### GET /api/v1/petitions/11/image #####[39m
2024-05-08 21:57:54:5754 [31merror[39m: [31mENOENT: no such file or directory, open 'C:\Users\ninac\courses\SENG365\petition-site\seng365-reference-server\storage\images\petition_10.png'[39m
2024-05-08 21:57:54:5754 [31merror[39m: [31mENOENT: no such file or directory, open 'C:\Users\ninac\courses\SENG365\petition-site\seng365-reference-server\storage\images\petition_3.jpg'[39m
2024-05-08 21:57:54:5754 [31merror[39m: [31mENOENT: no such file or directory, open 'C:\Users\ninac\courses\SENG365\petition-site\seng365-reference-server\storage\images\petition_11.png'[39m
2024-05-08 21:57:54:5754 [35mhttp[39m: [35m##### GET /api/v1/petitions/12/image #####[39m
2024-05-08 21:57:54:5754 [35mhttp[39m: [35m##### GET /api/v1/petitions/5/image #####[39m
2024-05-08 21:57:54:5754 [35mhttp[39m: [35m##### GET /api/v1/petitions/13/image #####[39m
2024-05-08 21:57:54:5754 [31merror[39m: [31mENOENT: no such file or directory, open 'C:\Users\ninac\courses\SENG365\petition-site\seng365-reference-server\storage\images\petition_12.png'[39m
2024-05-08 21:57:54:5754 [35mhttp[39m: [35m##### GET /api/v1/petitions/14/image #####[39m
2024-05-08 21:57:54:5754 [31merror[39m: [31mENOENT: no such file or directory, open 'C:\Users\ninac\courses\SENG365\petition-site\seng365-reference-server\storage\images\petition_5.png'[39m
2024-05-08 21:57:54:5754 [31merror[39m: [31mENOENT: no such file or directory, open 'C:\Users\ninac\courses\SENG365\petition-site\seng365-reference-server\storage\images\petition_13.png'[39m
2024-05-08 21:57:54:5754 [35mhttp[39m: [35m##### GET /api/v1/petitions/15/image #####[39m
2024-05-08 21:57:54:5754 [35mhttp[39m: [35m##### GET /api/v1/petitions/16/image #####[39m
2024-05-08 21:57:54:5754 [31merror[39m: [31mENOENT: no such file or directory, open 'C:\Users\ninac\courses\SENG365\petition-site\seng365-reference-server\storage\images\petition_14.png'[39m
2024-05-08 21:57:54:5754 [35mhttp[39m: [35m##### GET /api/v1/petitions/17/image #####[39m
2024-05-08 21:57:54:5754 [31merror[39m: [31mENOENT: no such file or directory, open 'C:\Users\ninac\courses\SENG365\petition-site\seng365-reference-server\storage\images\petition_16.png'[39m
2024-05-08 21:57:54:5754 [31merror[39m: [31mENOENT: no such file or directory, open 'C:\Users\ninac\courses\SENG365\petition-site\seng365-reference-server\storage\images\petition_15.png'[39m
2024-05-08 21:57:54:5754 [35mhttp[39m: [35m##### GET /api/v1/petitions/18/image #####[39m
2024-05-08 21:57:54:5754 [31merror[39m: [31mENOENT: no such file or directory, open 'C:\Users\ninac\courses\SENG365\petition-site\seng365-reference-server\storage\images\petition_17.png'[39m
2024-05-08 21:57:55:5755 [31merror[39m: [31mENOENT: no such file or directory, open 'C:\Users\ninac\courses\SENG365\petition-site\seng365-reference-server\storage\images\petition_18.png'[39m
2024-05-08 21:58:22:5822 [35mhttp[39m: [35m##### GET /api/v1/petitions #####[39m
2024-05-08 21:58:22:5822 [35mhttp[39m: [35m##### GET /api/v1/petitions #####[39m
2024-05-08 21:58:22:5822 [35mhttp[39m: [35m##### GET /api/v1/petitions/6/image #####[39m
2024-05-08 21:58:22:5822 [35mhttp[39m: [35m##### GET /api/v1/petitions/1/image #####[39m
2024-05-08 21:58:22:5822 [35mhttp[39m: [35m##### GET /api/v1/petitions/2/image #####[39m
2024-05-08 21:58:22:5822 [35mhttp[39m: [35m##### GET /api/v1/petitions/7/image #####[39m
2024-05-08 21:58:22:5822 [35mhttp[39m: [35m##### GET /api/v1/petitions/8/image #####[39m
2024-05-08 21:58:22:5822 [31merror[39m: [31mENOENT: no such file or directory, open 'C:\Users\ninac\courses\SENG365\petition-site\seng365-reference-server\storage\images\petition_1.png'[39m
2024-05-08 21:58:22:5822 [31merror[39m: [31mENOENT: no such file or directory, open 'C:\Users\ninac\courses\SENG365\petition-site\seng365-reference-server\storage\images\petition_2.png'[39m
2024-05-08 21:58:22:5822 [31merror[39m: [31mENOENT: no such file or directory, open 'C:\Users\ninac\courses\SENG365\petition-site\seng365-reference-server\storage\images\petition_6.png'[39m
2024-05-08 21:58:22:5822 [35mhttp[39m: [35m##### GET /api/v1/petitions/4/image #####[39m
2024-05-08 21:58:22:5822 [35mhttp[39m: [35m##### GET /api/v1/petitions/9/image #####[39m
2024-05-08 21:58:22:5822 [35mhttp[39m: [35m##### GET /api/v1/petitions/10/image #####[39m
2024-05-08 21:58:22:5822 [35mhttp[39m: [35m##### GET /api/v1/petitions/3/image #####[39m
2024-05-08 21:58:22:5822 [31merror[39m: [31mENOENT: no such file or directory, open 'C:\Users\ninac\courses\SENG365\petition-site\seng365-reference-server\storage\images\petition_4.png'[39m
2024-05-08 21:58:22:5822 [31merror[39m: [31mENOENT: no such file or directory, open 'C:\Users\ninac\courses\SENG365\petition-site\seng365-reference-server\storage\images\petition_9.png'[39m
2024-05-08 21:58:22:5822 [31merror[39m: [31mENOENT: no such file or directory, open 'C:\Users\ninac\courses\SENG365\petition-site\seng365-reference-server\storage\images\petition_10.png'[39m
2024-05-08 21:58:22:5822 [35mhttp[39m: [35m##### GET /api/v1/petitions/11/image #####[39m
2024-05-08 21:58:22:5822 [35mhttp[39m: [35m##### GET /api/v1/petitions/12/image #####[39m
2024-05-08 21:58:22:5822 [35mhttp[39m: [35m##### GET /api/v1/petitions/5/image #####[39m
2024-05-08 21:58:22:5822 [31merror[39m: [31mENOENT: no such file or directory, open 'C:\Users\ninac\courses\SENG365\petition-site\seng365-reference-server\storage\images\petition_3.jpg'[39m
2024-05-08 21:58:22:5822 [35mhttp[39m: [35m##### GET /api/v1/petitions/13/image #####[39m
2024-05-08 21:58:22:5822 [31merror[39m: [31mENOENT: no such file or directory, open 'C:\Users\ninac\courses\SENG365\petition-site\seng365-reference-server\storage\images\petition_11.png'[39m
2024-05-08 21:58:22:5822 [31merror[39m: [31mENOENT: no such file or directory, open 'C:\Users\ninac\courses\SENG365\petition-site\seng365-reference-server\storage\images\petition_12.png'[39m
2024-05-08 21:58:22:5822 [31merror[39m: [31mENOENT: no such file or directory, open 'C:\Users\ninac\courses\SENG365\petition-site\seng365-reference-server\storage\images\petition_5.png'[39m
2024-05-08 21:58:22:5822 [31merror[39m: [31mENOENT: no such file or directory, open 'C:\Users\ninac\courses\SENG365\petition-site\seng365-reference-server\storage\images\petition_7.png'[39m
2024-05-08 21:58:22:5822 [31merror[39m: [31mENOENT: no such file or directory, open 'C:\Users\ninac\courses\SENG365\petition-site\seng365-reference-server\storage\images\petition_8.png'[39m
2024-05-08 21:58:22:5822 [35mhttp[39m: [35m##### GET /api/v1/petitions/14/image #####[39m
2024-05-08 21:58:22:5822 [35mhttp[39m: [35m##### GET /api/v1/petitions/15/image #####[39m
2024-05-08 21:58:22:5822 [35mhttp[39m: [35m##### GET /api/v1/petitions/16/image #####[39m
2024-05-08 21:58:22:5822 [35mhttp[39m: [35m##### GET /api/v1/petitions/17/image #####[39m
2024-05-08 21:58:22:5822 [35mhttp[39m: [35m##### GET /api/v1/petitions/18/image #####[39m
2024-05-08 21:58:22:5822 [31merror[39m: [31mENOENT: no such file or directory, open 'C:\Users\ninac\courses\SENG365\petition-site\seng365-reference-server\storage\images\petition_13.png'[39m
2024-05-08 21:58:22:5822 [31merror[39m: [31mENOENT: no such file or directory, open 'C:\Users\ninac\courses\SENG365\petition-site\seng365-reference-server\storage\images\petition_14.png'[39m
2024-05-08 21:58:22:5822 [31merror[39m: [31mENOENT: no such file or directory, open 'C:\Users\ninac\courses\SENG365\petition-site\seng365-reference-server\storage\images\petition_15.png'[39m
2024-05-08 21:58:22:5822 [31merror[39m: [31mENOENT: no such file or directory, open 'C:\Users\ninac\courses\SENG365\petition-site\seng365-reference-server\storage\images\petition_16.png'[39m
2024-05-08 21:58:22:5822 [31merror[39m: [31mENOENT: no such file or directory, open 'C:\Users\ninac\courses\SENG365\petition-site\seng365-reference-server\storage\images\petition_17.png'[39m
2024-05-08 21:58:22:5822 [31merror[39m: [31mENOENT: no such file or directory, open 'C:\Users\ninac\courses\SENG365\petition-site\seng365-reference-server\storage\images\petition_18.png'[39m
2024-05-08 21:59:01:591 [35mhttp[39m: [35m##### GET /api/v1/petitions #####[39m
2024-05-08 21:59:01:591 [35mhttp[39m: [35m##### GET /api/v1/petitions #####[39m
2024-05-08 21:59:01:591 [35mhttp[39m: [35m##### GET /api/v1/petitions/6/image #####[39m
2024-05-08 21:59:01:591 [35mhttp[39m: [35m##### GET /api/v1/petitions/1/image #####[39m
2024-05-08 21:59:01:591 [35mhttp[39m: [35m##### GET /api/v1/petitions/2/image #####[39m
2024-05-08 21:59:01:591 [35mhttp[39m: [35m##### GET /api/v1/petitions/7/image #####[39m
2024-05-08 21:59:01:591 [35mhttp[39m: [35m##### GET /api/v1/petitions/8/image #####[39m
2024-05-08 21:59:01:591 [31merror[39m: [31mENOENT: no such file or directory, open 'C:\Users\ninac\courses\SENG365\petition-site\seng365-reference-server\storage\images\petition_8.png'[39m
2024-05-08 21:59:01:591 [31merror[39m: [31mENOENT: no such file or directory, open 'C:\Users\ninac\courses\SENG365\petition-site\seng365-reference-server\storage\images\petition_7.png'[39m
2024-05-08 21:59:01:591 [31merror[39m: [31mENOENT: no such file or directory, open 'C:\Users\ninac\courses\SENG365\petition-site\seng365-reference-server\storage\images\petition_6.png'[39m
2024-05-08 21:59:01:591 [31merror[39m: [31mENOENT: no such file or directory, open 'C:\Users\ninac\courses\SENG365\petition-site\seng365-reference-server\storage\images\petition_1.png'[39m
2024-05-08 21:59:01:591 [31merror[39m: [31mENOENT: no such file or directory, open 'C:\Users\ninac\courses\SENG365\petition-site\seng365-reference-server\storage\images\petition_2.png'[39m
2024-05-08 21:59:01:591 [35mhttp[39m: [35m##### GET /api/v1/petitions/4/image #####[39m
2024-05-08 21:59:01:591 [35mhttp[39m: [35m##### GET /api/v1/petitions/9/image #####[39m
2024-05-08 21:59:01:591 [35mhttp[39m: [35m##### GET /api/v1/petitions/10/image #####[39m
2024-05-08 21:59:01:591 [35mhttp[39m: [35m##### GET /api/v1/petitions/3/image #####[39m
2024-05-08 21:59:01:591 [35mhttp[39m: [35m##### GET /api/v1/petitions/11/image #####[39m
2024-05-08 21:59:01:591 [35mhttp[39m: [35m##### GET /api/v1/petitions/12/image #####[39m
2024-05-08 21:59:01:591 [31merror[39m: [31mENOENT: no such file or directory, open 'C:\Users\ninac\courses\SENG365\petition-site\seng365-reference-server\storage\images\petition_4.png'[39m
2024-05-08 21:59:01:591 [31merror[39m: [31mENOENT: no such file or directory, open 'C:\Users\ninac\courses\SENG365\petition-site\seng365-reference-server\storage\images\petition_9.png'[39m
2024-05-08 21:59:01:591 [31merror[39m: [31mENOENT: no such file or directory, open 'C:\Users\ninac\courses\SENG365\petition-site\seng365-reference-server\storage\images\petition_10.png'[39m
2024-05-08 21:59:01:591 [31merror[39m: [31mENOENT: no such file or directory, open 'C:\Users\ninac\courses\SENG365\petition-site\seng365-reference-server\storage\images\petition_3.jpg'[39m
2024-05-08 21:59:01:591 [31merror[39m: [31mENOENT: no such file or directory, open 'C:\Users\ninac\courses\SENG365\petition-site\seng365-reference-server\storage\images\petition_11.png'[39m
2024-05-08 21:59:01:591 [35mhttp[39m: [35m##### GET /api/v1/petitions/5/image #####[39m
2024-05-08 21:59:01:591 [35mhttp[39m: [35m##### GET /api/v1/petitions/13/image #####[39m
2024-05-08 21:59:01:591 [35mhttp[39m: [35m##### GET /api/v1/petitions/14/image #####[39m
2024-05-08 21:59:01:591 [35mhttp[39m: [35m##### GET /api/v1/petitions/15/image #####[39m
2024-05-08 21:59:01:591 [35mhttp[39m: [35m##### GET /api/v1/petitions/16/image #####[39m
2024-05-08 21:59:01:591 [31merror[39m: [31mENOENT: no such file or directory, open 'C:\Users\ninac\courses\SENG365\petition-site\seng365-reference-server\storage\images\petition_12.png'[39m
2024-05-08 21:59:01:591 [35mhttp[39m: [35m##### GET /api/v1/petitions/17/image #####[39m
2024-05-08 21:59:01:591 [31merror[39m: [31mENOENT: no such file or directory, open 'C:\Users\ninac\courses\SENG365\petition-site\seng365-reference-server\storage\images\petition_5.png'[39m
2024-05-08 21:59:01:591 [31merror[39m: [31mENOENT: no such file or directory, open 'C:\Users\ninac\courses\SENG365\petition-site\seng365-reference-server\storage\images\petition_14.png'[39m
2024-05-08 21:59:01:591 [31merror[39m: [31mENOENT: no such file or directory, open 'C:\Users\ninac\courses\SENG365\petition-site\seng365-reference-server\storage\images\petition_13.png'[39m
2024-05-08 21:59:01:591 [31merror[39m: [31mENOENT: no such file or directory, open 'C:\Users\ninac\courses\SENG365\petition-site\seng365-reference-server\storage\images\petition_15.png'[39m
2024-05-08 21:59:01:591 [31merror[39m: [31mENOENT: no such file or directory, open 'C:\Users\ninac\courses\SENG365\petition-site\seng365-reference-server\storage\images\petition_16.png'[39m
2024-05-08 21:59:01:591 [35mhttp[39m: [35m##### GET /api/v1/petitions/18/image #####[39m
2024-05-08 21:59:01:591 [31merror[39m: [31mENOENT: no such file or directory, open 'C:\Users\ninac\courses\SENG365\petition-site\seng365-reference-server\storage\images\petition_17.png'[39m
2024-05-08 21:59:01:591 [31merror[39m: [31mENOENT: no such file or directory, open 'C:\Users\ninac\courses\SENG365\petition-site\seng365-reference-server\storage\images\petition_18.png'[39m
2024-05-08 21:59:22:5922 [35mhttp[39m: [35m##### GET /api/v1/petitions #####[39m
2024-05-08 21:59:22:5922 [35mhttp[39m: [35m##### GET /api/v1/petitions #####[39m
2024-05-08 21:59:22:5922 [35mhttp[39m: [35m##### GET /api/v1/petitions/6/image #####[39m
2024-05-08 21:59:22:5922 [35mhttp[39m: [35m##### GET /api/v1/petitions/1/image #####[39m
2024-05-08 21:59:22:5922 [35mhttp[39m: [35m##### GET /api/v1/petitions/2/image #####[39m
2024-05-08 21:59:22:5922 [35mhttp[39m: [35m##### GET /api/v1/petitions/7/image #####[39m
2024-05-08 21:59:22:5922 [35mhttp[39m: [35m##### GET /api/v1/petitions/8/image #####[39m
2024-05-08 21:59:22:5922 [31merror[39m: [31mENOENT: no such file or directory, open 'C:\Users\ninac\courses\SENG365\petition-site\seng365-reference-server\storage\images\petition_2.png'[39m
2024-05-08 21:59:22:5922 [31merror[39m: [31mENOENT: no such file or directory, open 'C:\Users\ninac\courses\SENG365\petition-site\seng365-reference-server\storage\images\petition_1.png'[39m
2024-05-08 21:59:22:5922 [31merror[39m: [31mENOENT: no such file or directory, open 'C:\Users\ninac\courses\SENG365\petition-site\seng365-reference-server\storage\images\petition_7.png'[39m
2024-05-08 21:59:22:5922 [31merror[39m: [31mENOENT: no such file or directory, open 'C:\Users\ninac\courses\SENG365\petition-site\seng365-reference-server\storage\images\petition_8.png'[39m
2024-05-08 21:59:22:5922 [31merror[39m: [31mENOENT: no such file or directory, open 'C:\Users\ninac\courses\SENG365\petition-site\seng365-reference-server\storage\images\petition_6.png'[39m
2024-05-08 21:59:22:5922 [35mhttp[39m: [35m##### GET /api/v1/petitions/4/image #####[39m
2024-05-08 21:59:22:5922 [35mhttp[39m: [35m##### GET /api/v1/petitions/9/image #####[39m
2024-05-08 21:59:22:5922 [35mhttp[39m: [35m##### GET /api/v1/petitions/10/image #####[39m
2024-05-08 21:59:22:5922 [35mhttp[39m: [35m##### GET /api/v1/petitions/3/image #####[39m
2024-05-08 21:59:22:5922 [35mhttp[39m: [35m##### GET /api/v1/petitions/11/image #####[39m
2024-05-08 21:59:22:5922 [35mhttp[39m: [35m##### GET /api/v1/petitions/12/image #####[39m
2024-05-08 21:59:22:5922 [31merror[39m: [31mENOENT: no such file or directory, open 'C:\Users\ninac\courses\SENG365\petition-site\seng365-reference-server\storage\images\petition_4.png'[39m
2024-05-08 21:59:22:5922 [31merror[39m: [31mENOENT: no such file or directory, open 'C:\Users\ninac\courses\SENG365\petition-site\seng365-reference-server\storage\images\petition_9.png'[39m
2024-05-08 21:59:22:5922 [31merror[39m: [31mENOENT: no such file or directory, open 'C:\Users\ninac\courses\SENG365\petition-site\seng365-reference-server\storage\images\petition_10.png'[39m
2024-05-08 21:59:22:5922 [31merror[39m: [31mENOENT: no such file or directory, open 'C:\Users\ninac\courses\SENG365\petition-site\seng365-reference-server\storage\images\petition_3.jpg'[39m
2024-05-08 21:59:22:5922 [31merror[39m: [31mENOENT: no such file or directory, open 'C:\Users\ninac\courses\SENG365\petition-site\seng365-reference-server\storage\images\petition_11.png'[39m
2024-05-08 21:59:22:5922 [35mhttp[39m: [35m##### GET /api/v1/petitions/5/image #####[39m
2024-05-08 21:59:22:5922 [35mhttp[39m: [35m##### GET /api/v1/petitions/13/image #####[39m
2024-05-08 21:59:22:5922 [35mhttp[39m: [35m##### GET /api/v1/petitions/14/image #####[39m
2024-05-08 21:59:22:5922 [35mhttp[39m: [35m##### GET /api/v1/petitions/15/image #####[39m
2024-05-08 21:59:22:5922 [35mhttp[39m: [35m##### GET /api/v1/petitions/16/image #####[39m
2024-05-08 21:59:22:5922 [31merror[39m: [31mENOENT: no such file or directory, open 'C:\Users\ninac\courses\SENG365\petition-site\seng365-reference-server\storage\images\petition_12.png'[39m
2024-05-08 21:59:22:5922 [35mhttp[39m: [35m##### GET /api/v1/petitions/17/image #####[39m
2024-05-08 21:59:22:5922 [31merror[39m: [31mENOENT: no such file or directory, open 'C:\Users\ninac\courses\SENG365\petition-site\seng365-reference-server\storage\images\petition_5.png'[39m
2024-05-08 21:59:22:5922 [31merror[39m: [31mENOENT: no such file or directory, open 'C:\Users\ninac\courses\SENG365\petition-site\seng365-reference-server\storage\images\petition_13.png'[39m
2024-05-08 21:59:22:5922 [31merror[39m: [31mENOENT: no such file or directory, open 'C:\Users\ninac\courses\SENG365\petition-site\seng365-reference-server\storage\images\petition_14.png'[39m
2024-05-08 21:59:22:5922 [31merror[39m: [31mENOENT: no such file or directory, open 'C:\Users\ninac\courses\SENG365\petition-site\seng365-reference-server\storage\images\petition_15.png'[39m
2024-05-08 21:59:22:5922 [31merror[39m: [31mENOENT: no such file or directory, open 'C:\Users\ninac\courses\SENG365\petition-site\seng365-reference-server\storage\images\petition_16.png'[39m
2024-05-08 21:59:22:5922 [35mhttp[39m: [35m##### GET /api/v1/petitions/18/image #####[39m
2024-05-08 21:59:22:5922 [31merror[39m: [31mENOENT: no such file or directory, open 'C:\Users\ninac\courses\SENG365\petition-site\seng365-reference-server\storage\images\petition_17.png'[39m
2024-05-08 21:59:22:5922 [31merror[39m: [31mENOENT: no such file or directory, open 'C:\Users\ninac\courses\SENG365\petition-site\seng365-reference-server\storage\images\petition_18.png'[39m
2024-05-08 22:00:42:042 [35mhttp[39m: [35m##### GET /api/v1/petitions #####[39m
2024-05-08 22:00:42:042 [35mhttp[39m: [35m##### GET /api/v1/petitions #####[39m
2024-05-08 22:00:42:042 [35mhttp[39m: [35m##### GET /api/v1/petitions/6/image #####[39m
2024-05-08 22:00:42:042 [35mhttp[39m: [35m##### GET /api/v1/petitions/1/image #####[39m
2024-05-08 22:00:42:042 [35mhttp[39m: [35m##### GET /api/v1/petitions/2/image #####[39m
2024-05-08 22:00:42:042 [35mhttp[39m: [35m##### GET /api/v1/petitions/7/image #####[39m
2024-05-08 22:00:42:042 [35mhttp[39m: [35m##### GET /api/v1/petitions/8/image #####[39m
2024-05-08 22:00:42:042 [31merror[39m: [31mENOENT: no such file or directory, open 'C:\Users\ninac\courses\SENG365\petition-site\seng365-reference-server\storage\images\petition_2.png'[39m
2024-05-08 22:00:42:042 [31merror[39m: [31mENOENT: no such file or directory, open 'C:\Users\ninac\courses\SENG365\petition-site\seng365-reference-server\storage\images\petition_7.png'[39m
2024-05-08 22:00:42:042 [31merror[39m: [31mENOENT: no such file or directory, open 'C:\Users\ninac\courses\SENG365\petition-site\seng365-reference-server\storage\images\petition_8.png'[39m
2024-05-08 22:00:42:042 [31merror[39m: [31mENOENT: no such file or directory, open 'C:\Users\ninac\courses\SENG365\petition-site\seng365-reference-server\storage\images\petition_1.png'[39m
2024-05-08 22:00:42:042 [31merror[39m: [31mENOENT: no such file or directory, open 'C:\Users\ninac\courses\SENG365\petition-site\seng365-reference-server\storage\images\petition_6.png'[39m
2024-05-08 22:00:42:042 [35mhttp[39m: [35m##### GET /api/v1/petitions/4/image #####[39m
2024-05-08 22:00:42:042 [35mhttp[39m: [35m##### GET /api/v1/petitions/9/image #####[39m
2024-05-08 22:00:42:042 [35mhttp[39m: [35m##### GET /api/v1/petitions/10/image #####[39m
2024-05-08 22:00:42:042 [35mhttp[39m: [35m##### GET /api/v1/petitions/3/image #####[39m
2024-05-08 22:00:42:042 [35mhttp[39m: [35m##### GET /api/v1/petitions/11/image #####[39m
2024-05-08 22:00:42:042 [35mhttp[39m: [35m##### GET /api/v1/petitions/12/image #####[39m
2024-05-08 22:00:42:042 [31merror[39m: [31mENOENT: no such file or directory, open 'C:\Users\ninac\courses\SENG365\petition-site\seng365-reference-server\storage\images\petition_4.png'[39m
2024-05-08 22:00:42:042 [31merror[39m: [31mENOENT: no such file or directory, open 'C:\Users\ninac\courses\SENG365\petition-site\seng365-reference-server\storage\images\petition_9.png'[39m
2024-05-08 22:00:42:042 [31merror[39m: [31mENOENT: no such file or directory, open 'C:\Users\ninac\courses\SENG365\petition-site\seng365-reference-server\storage\images\petition_10.png'[39m
2024-05-08 22:00:42:042 [31merror[39m: [31mENOENT: no such file or directory, open 'C:\Users\ninac\courses\SENG365\petition-site\seng365-reference-server\storage\images\petition_3.jpg'[39m
2024-05-08 22:00:42:042 [31merror[39m: [31mENOENT: no such file or directory, open 'C:\Users\ninac\courses\SENG365\petition-site\seng365-reference-server\storage\images\petition_11.png'[39m
2024-05-08 22:00:42:042 [35mhttp[39m: [35m##### GET /api/v1/petitions/5/image #####[39m
2024-05-08 22:00:42:042 [35mhttp[39m: [35m##### GET /api/v1/petitions/13/image #####[39m
2024-05-08 22:00:42:042 [35mhttp[39m: [35m##### GET /api/v1/petitions/14/image #####[39m
2024-05-08 22:00:42:042 [35mhttp[39m: [35m##### GET /api/v1/petitions/15/image #####[39m
2024-05-08 22:00:42:042 [35mhttp[39m: [35m##### GET /api/v1/petitions/16/image #####[39m
2024-05-08 22:00:42:042 [31merror[39m: [31mENOENT: no such file or directory, open 'C:\Users\ninac\courses\SENG365\petition-site\seng365-reference-server\storage\images\petition_12.png'[39m
2024-05-08 22:00:42:042 [35mhttp[39m: [35m##### GET /api/v1/petitions/17/image #####[39m
2024-05-08 22:00:42:042 [31merror[39m: [31mENOENT: no such file or directory, open 'C:\Users\ninac\courses\SENG365\petition-site\seng365-reference-server\storage\images\petition_5.png'[39m
2024-05-08 22:00:42:042 [31merror[39m: [31mENOENT: no such file or directory, open 'C:\Users\ninac\courses\SENG365\petition-site\seng365-reference-server\storage\images\petition_13.png'[39m
2024-05-08 22:00:42:042 [31merror[39m: [31mENOENT: no such file or directory, open 'C:\Users\ninac\courses\SENG365\petition-site\seng365-reference-server\storage\images\petition_14.png'[39m
2024-05-08 22:00:42:042 [31merror[39m: [31mENOENT: no such file or directory, open 'C:\Users\ninac\courses\SENG365\petition-site\seng365-reference-server\storage\images\petition_15.png'[39m
2024-05-08 22:00:42:042 [31merror[39m: [31mENOENT: no such file or directory, open 'C:\Users\ninac\courses\SENG365\petition-site\seng365-reference-server\storage\images\petition_16.png'[39m
2024-05-08 22:00:42:042 [35mhttp[39m: [35m##### GET /api/v1/petitions/18/image #####[39m
2024-05-08 22:00:42:042 [31merror[39m: [31mENOENT: no such file or directory, open 'C:\Users\ninac\courses\SENG365\petition-site\seng365-reference-server\storage\images\petition_17.png'[39m
2024-05-08 22:01:52:152 [35mhttp[39m: [35m##### GET /api/v1/petitions #####[39m
2024-05-08 22:01:52:152 [35mhttp[39m: [35m##### GET /api/v1/petitions #####[39m
2024-05-08 22:01:52:152 [35mhttp[39m: [35m##### GET /api/v1/petitions/18/image #####[39m
2024-05-08 22:01:52:152 [35mhttp[39m: [35m##### GET /api/v1/petitions/6/image #####[39m
2024-05-08 22:01:52:152 [35mhttp[39m: [35m##### GET /api/v1/petitions/1/image #####[39m
2024-05-08 22:01:52:152 [35mhttp[39m: [35m##### GET /api/v1/petitions/2/image #####[39m
2024-05-08 22:01:52:152 [35mhttp[39m: [35m##### GET /api/v1/petitions/7/image #####[39m
2024-05-08 22:01:52:152 [35mhttp[39m: [35m##### GET /api/v1/petitions/8/image #####[39m
2024-05-08 22:01:52:152 [35mhttp[39m: [35m##### GET /api/v1/petitions/4/image #####[39m
2024-05-08 22:01:52:152 [35mhttp[39m: [35m##### GET /api/v1/petitions/9/image #####[39m
2024-05-08 22:01:52:152 [35mhttp[39m: [35m##### GET /api/v1/petitions/10/image #####[39m
2024-05-08 22:01:52:152 [35mhttp[39m: [35m##### GET /api/v1/petitions/3/image #####[39m
2024-05-08 22:01:52:152 [35mhttp[39m: [35m##### GET /api/v1/petitions/11/image #####[39m
2024-05-08 22:01:52:152 [35mhttp[39m: [35m##### GET /api/v1/petitions/12/image #####[39m
2024-05-08 22:01:52:152 [35mhttp[39m: [35m##### GET /api/v1/petitions/5/image #####[39m
2024-05-08 22:01:52:152 [35mhttp[39m: [35m##### GET /api/v1/petitions/13/image #####[39m
2024-05-08 22:01:52:152 [35mhttp[39m: [35m##### GET /api/v1/petitions/14/image #####[39m
2024-05-08 22:01:52:152 [35mhttp[39m: [35m##### GET /api/v1/petitions/15/image #####[39m
2024-05-08 22:01:52:152 [35mhttp[39m: [35m##### GET /api/v1/petitions/16/image #####[39m
2024-05-08 22:01:52:152 [35mhttp[39m: [35m##### GET /api/v1/petitions/17/image #####[39m
2024-05-08 22:02:36:236 [35mhttp[39m: [35m##### GET /api/v1/petitions/4 #####[39m
2024-05-08 22:02:36:236 [35mhttp[39m: [35m##### GET /api/v1/petitions/4 #####[39m
2024-05-08 22:02:38:238 [35mhttp[39m: [35m##### GET /api/v1/petitions #####[39m
2024-05-08 22:02:38:238 [35mhttp[39m: [35m##### GET /api/v1/petitions #####[39m
2024-05-08 22:06:49:649 [35mhttp[39m: [35m##### GET /api/v1/petitions #####[39m
2024-05-08 22:10:01:101 [35mhttp[39m: [35m##### GET /api/v1/petitions #####[39m
2024-05-08 22:10:50:1050 [35mhttp[39m: [35m##### GET /api/v1/petitions #####[39m
2024-05-08 22:10:50:1050 [35mhttp[39m: [35m##### GET /api/v1/petitions #####[39m
2024-05-08 22:10:50:1050 [35mhttp[39m: [35m##### GET /api/v1/petitions/6/image #####[39m
2024-05-08 22:10:50:1050 [35mhttp[39m: [35m##### GET /api/v1/petitions/1/image #####[39m
2024-05-08 22:10:50:1050 [35mhttp[39m: [35m##### GET /api/v1/petitions/2/image #####[39m
2024-05-08 22:10:50:1050 [35mhttp[39m: [35m##### GET /api/v1/petitions/7/image #####[39m
2024-05-08 22:10:50:1050 [35mhttp[39m: [35m##### GET /api/v1/petitions/8/image #####[39m
2024-05-08 22:10:50:1050 [35mhttp[39m: [35m##### GET /api/v1/petitions/4/image #####[39m
2024-05-08 22:10:50:1050 [35mhttp[39m: [35m##### GET /api/v1/petitions/9/image #####[39m
2024-05-08 22:10:50:1050 [35mhttp[39m: [35m##### GET /api/v1/petitions/10/image #####[39m
2024-05-08 22:10:50:1050 [35mhttp[39m: [35m##### GET /api/v1/petitions/3/image #####[39m
2024-05-08 22:10:50:1050 [35mhttp[39m: [35m##### GET /api/v1/petitions/11/image #####[39m
2024-05-08 22:10:50:1050 [35mhttp[39m: [35m##### GET /api/v1/petitions/12/image #####[39m
2024-05-08 22:10:50:1050 [35mhttp[39m: [35m##### GET /api/v1/petitions/5/image #####[39m
2024-05-08 22:10:50:1050 [35mhttp[39m: [35m##### GET /api/v1/petitions/13/image #####[39m
2024-05-08 22:10:50:1050 [35mhttp[39m: [35m##### GET /api/v1/petitions/14/image #####[39m
2024-05-08 22:10:50:1050 [35mhttp[39m: [35m##### GET /api/v1/petitions/15/image #####[39m
2024-05-08 22:10:50:1050 [35mhttp[39m: [35m##### GET /api/v1/petitions/16/image #####[39m
2024-05-08 22:10:50:1050 [35mhttp[39m: [35m##### GET /api/v1/petitions/17/image #####[39m
2024-05-08 22:10:50:1050 [35mhttp[39m: [35m##### GET /api/v1/petitions/18/image #####[39m
2024-05-08 22:11:00:110 [35mhttp[39m: [35m##### GET /api/v1/petitions #####[39m
2024-05-08 22:11:13:1113 [35mhttp[39m: [35m##### GET /api/v1/petitions #####[39m
2024-05-08 22:11:43:1143 [35mhttp[39m: [35m##### GET /api/v1/petitions #####[39m
2024-05-08 22:12:30:1230 [35mhttp[39m: [35m##### GET /api/v1/petitions #####[39m
2024-05-08 22:14:03:143 [35mhttp[39m: [35m##### GET /api/v1/petitions/1 #####[39m
2024-05-08 22:14:03:143 [35mhttp[39m: [35m##### GET /api/v1/petitions/1 #####[39m
2024-05-08 22:14:04:144 [35mhttp[39m: [35m##### GET /api/v1/petitions #####[39m
2024-05-08 22:14:04:144 [35mhttp[39m: [35m##### GET /api/v1/petitions #####[39m
2024-05-08 22:15:19:1519 [35mhttp[39m: [35m##### GET /api/v1/petitions #####[39m
2024-05-08 22:15:46:1546 [35mhttp[39m: [35m##### GET /api/v1/petitions #####[39m
2024-05-08 22:15:53:1553 [35mhttp[39m: [35m##### GET /api/v1/petitions #####[39m
2024-05-08 22:15:59:1559 [35mhttp[39m: [35m##### GET /api/v1/petitions #####[39m
2024-05-08 22:19:10:1910 [35mhttp[39m: [35m##### GET /api/v1/petitions #####[39m
2024-05-08 22:19:14:1914 [35mhttp[39m: [35m##### GET /api/v1/petitions #####[39m
2024-05-08 22:19:14:1914 [35mhttp[39m: [35m##### GET /api/v1/petitions #####[39m
2024-05-08 22:19:14:1914 [35mhttp[39m: [35m##### GET /api/v1/petitions/6/image #####[39m
2024-05-08 22:19:14:1914 [35mhttp[39m: [35m##### GET /api/v1/petitions/1/image #####[39m
2024-05-08 22:19:14:1914 [35mhttp[39m: [35m##### GET /api/v1/petitions/2/image #####[39m
2024-05-08 22:19:14:1914 [35mhttp[39m: [35m##### GET /api/v1/petitions/7/image #####[39m
2024-05-08 22:19:14:1914 [35mhttp[39m: [35m##### GET /api/v1/petitions/8/image #####[39m
2024-05-08 22:19:14:1914 [35mhttp[39m: [35m##### GET /api/v1/petitions/9/image #####[39m
2024-05-08 22:19:14:1914 [35mhttp[39m: [35m##### GET /api/v1/petitions/15/image #####[39m
2024-05-08 22:19:14:1914 [35mhttp[39m: [35m##### GET /api/v1/petitions/14/image #####[39m
2024-05-08 22:19:14:1914 [35mhttp[39m: [35m##### GET /api/v1/petitions/12/image #####[39m
2024-05-08 22:19:14:1914 [35mhttp[39m: [35m##### GET /api/v1/petitions/3/image #####[39m
2024-05-08 22:19:14:1914 [35mhttp[39m: [35m##### GET /api/v1/petitions/10/image #####[39m
2024-05-08 22:19:14:1914 [35mhttp[39m: [35m##### GET /api/v1/petitions/13/image #####[39m
2024-05-08 22:19:14:1914 [35mhttp[39m: [35m##### GET /api/v1/petitions/4/image #####[39m
2024-05-08 22:19:14:1914 [35mhttp[39m: [35m##### GET /api/v1/petitions/5/image #####[39m
2024-05-08 22:19:14:1914 [35mhttp[39m: [35m##### GET /api/v1/petitions/11/image #####[39m
2024-05-08 22:19:14:1914 [35mhttp[39m: [35m##### GET /api/v1/petitions/16/image #####[39m
2024-05-08 22:19:14:1914 [35mhttp[39m: [35m##### GET /api/v1/petitions/17/image #####[39m
2024-05-08 22:19:14:1914 [35mhttp[39m: [35m##### GET /api/v1/petitions/18/image #####[39m
2024-05-08 22:20:02:202 [35mhttp[39m: [35m##### GET /api/v1/petitions/6 #####[39m
2024-05-08 22:20:02:202 [35mhttp[39m: [35m##### GET /api/v1/petitions/6 #####[39m
2024-05-08 22:20:04:204 [35mhttp[39m: [35m##### GET /api/v1/petitions #####[39m
2024-05-08 22:20:04:204 [35mhttp[39m: [35m##### GET /api/v1/petitions #####[39m
2024-05-08 22:22:05:225 [35mhttp[39m: [35m##### GET /api/v1/petitions #####[39m
2024-05-08 22:22:14:2214 [35mhttp[39m: [35m##### GET /api/v1/petitions #####[39m
2024-05-08 22:22:20:2220 [35mhttp[39m: [35m##### GET /api/v1/petitions #####[39m
2024-05-08 22:25:28:2528 [35mhttp[39m: [35m##### GET /api/v1/petitions/14 #####[39m
2024-05-08 22:25:28:2528 [35mhttp[39m: [35m##### GET /api/v1/petitions/14 #####[39m
2024-05-08 22:25:29:2529 [35mhttp[39m: [35m##### GET /api/v1/petitions #####[39m
2024-05-08 22:25:29:2529 [35mhttp[39m: [35m##### GET /api/v1/petitions #####[39m
2024-05-09 14:52:36:5236 [32minfo[39m: [32mSuccessfully connected to database[39m
2024-05-09 14:52:36:5236 [32minfo[39m: [32mListening on port: 4941[39m
2024-05-09 14:52:43:5243 [35mhttp[39m: [35m##### GET /api/v1/petitions #####[39m
2024-05-09 14:52:47:5247 [35mhttp[39m: [35m##### GET /api/v1/petitions #####[39m
2024-05-09 14:52:51:5251 [35mhttp[39m: [35m##### GET /api/v1/petitions #####[39m
2024-05-09 14:52:51:5251 [35mhttp[39m: [35m##### GET /api/v1/petitions #####[39m
2024-05-09 14:52:51:5251 [35mhttp[39m: [35m##### GET /api/v1/petitions/2/image #####[39m
2024-05-09 14:52:51:5251 [35mhttp[39m: [35m##### GET /api/v1/petitions/6/image #####[39m
2024-05-09 14:52:51:5251 [35mhttp[39m: [35m##### GET /api/v1/petitions/1/image #####[39m
2024-05-09 14:52:52:5252 [35mhttp[39m: [35m##### GET /api/v1/petitions/7/image #####[39m
2024-05-09 14:52:52:5252 [35mhttp[39m: [35m##### GET /api/v1/petitions/8/image #####[39m
2024-05-09 14:52:52:5252 [35mhttp[39m: [35m##### GET /api/v1/petitions/4/image #####[39m
2024-05-09 14:52:52:5252 [35mhttp[39m: [35m##### GET /api/v1/petitions/9/image #####[39m
2024-05-09 14:52:52:5252 [35mhttp[39m: [35m##### GET /api/v1/petitions/10/image #####[39m
2024-05-09 14:52:52:5252 [35mhttp[39m: [35m##### GET /api/v1/petitions/3/image #####[39m
2024-05-09 14:52:52:5252 [35mhttp[39m: [35m##### GET /api/v1/petitions/11/image #####[39m
2024-05-09 14:52:52:5252 [35mhttp[39m: [35m##### GET /api/v1/petitions/12/image #####[39m
2024-05-09 14:52:52:5252 [35mhttp[39m: [35m##### GET /api/v1/petitions/5/image #####[39m
2024-05-09 14:52:52:5252 [35mhttp[39m: [35m##### GET /api/v1/petitions/13/image #####[39m
2024-05-09 14:52:52:5252 [35mhttp[39m: [35m##### GET /api/v1/petitions/14/image #####[39m
2024-05-09 14:52:52:5252 [35mhttp[39m: [35m##### GET /api/v1/petitions/15/image #####[39m
2024-05-09 14:52:52:5252 [35mhttp[39m: [35m##### GET /api/v1/petitions/16/image #####[39m
2024-05-09 14:52:52:5252 [35mhttp[39m: [35m##### GET /api/v1/petitions/17/image #####[39m
2024-05-09 14:52:52:5252 [35mhttp[39m: [35m##### GET /api/v1/petitions/18/image #####[39m
2024-05-09 14:53:17:5317 [35mhttp[39m: [35m##### GET /api/v1/petitions #####[39m
2024-05-09 14:53:22:5322 [35mhttp[39m: [35m##### GET /api/v1/petitions #####[39m
2024-05-09 14:57:24:5724 [35mhttp[39m: [35m##### GET /api/v1/petitions #####[39m
2024-05-09 14:57:37:5737 [35mhttp[39m: [35m##### GET /api/v1/petitions #####[39m
2024-05-09 14:57:52:5752 [35mhttp[39m: [35m##### GET /api/v1/petitions #####[39m
2024-05-09 14:58:14:5814 [35mhttp[39m: [35m##### GET /api/v1/petitions #####[39m
2024-05-09 14:58:40:5840 [35mhttp[39m: [35m##### GET /api/v1/petitions #####[39m
2024-05-09 14:59:34:5934 [35mhttp[39m: [35m##### GET /api/v1/petitions #####[39m
2024-05-09 14:59:51:5951 [35mhttp[39m: [35m##### GET /api/v1/petitions #####[39m
2024-05-09 15:00:17:017 [35mhttp[39m: [35m##### GET /api/v1/petitions #####[39m
2024-05-09 15:00:20:020 [35mhttp[39m: [35m##### GET /api/v1/petitions #####[39m
2024-05-09 15:00:20:020 [35mhttp[39m: [35m##### GET /api/v1/petitions #####[39m
2024-05-09 15:00:20:020 [35mhttp[39m: [35m##### GET /api/v1/petitions/6/image #####[39m
2024-05-09 15:00:20:020 [35mhttp[39m: [35m##### GET /api/v1/petitions/1/image #####[39m
2024-05-09 15:00:20:020 [35mhttp[39m: [35m##### GET /api/v1/petitions/2/image #####[39m
2024-05-09 15:00:20:020 [35mhttp[39m: [35m##### GET /api/v1/petitions/7/image #####[39m
2024-05-09 15:00:20:020 [35mhttp[39m: [35m##### GET /api/v1/petitions/8/image #####[39m
2024-05-09 15:00:20:020 [35mhttp[39m: [35m##### GET /api/v1/petitions/3/image #####[39m
2024-05-09 15:00:20:020 [35mhttp[39m: [35m##### GET /api/v1/petitions/10/image #####[39m
2024-05-09 15:00:20:020 [35mhttp[39m: [35m##### GET /api/v1/petitions/9/image #####[39m
2024-05-09 15:00:20:020 [35mhttp[39m: [35m##### GET /api/v1/petitions/12/image #####[39m
2024-05-09 15:00:20:020 [35mhttp[39m: [35m##### GET /api/v1/petitions/11/image #####[39m
2024-05-09 15:00:20:020 [35mhttp[39m: [35m##### GET /api/v1/petitions/5/image #####[39m
2024-05-09 15:00:20:020 [35mhttp[39m: [35m##### GET /api/v1/petitions/4/image #####[39m
2024-05-09 15:00:20:020 [35mhttp[39m: [35m##### GET /api/v1/petitions/13/image #####[39m
2024-05-09 15:00:20:020 [35mhttp[39m: [35m##### GET /api/v1/petitions/14/image #####[39m
2024-05-09 15:00:20:020 [35mhttp[39m: [35m##### GET /api/v1/petitions/15/image #####[39m
2024-05-09 15:00:20:020 [35mhttp[39m: [35m##### GET /api/v1/petitions/16/image #####[39m
2024-05-09 15:00:20:020 [35mhttp[39m: [35m##### GET /api/v1/petitions/17/image #####[39m
2024-05-09 15:00:20:020 [35mhttp[39m: [35m##### GET /api/v1/petitions/18/image #####[39m
2024-05-09 15:01:50:150 [35mhttp[39m: [35m##### GET /api/v1/petitions #####[39m
2024-05-09 15:06:46:646 [35mhttp[39m: [35m##### GET /api/v1/petitions #####[39m
2024-05-09 15:07:54:754 [35mhttp[39m: [35m##### GET /api/v1/petitions #####[39m
2024-05-09 15:07:54:754 [35mhttp[39m: [35m##### GET /api/v1/petitions #####[39m
2024-05-09 15:07:54:754 [35mhttp[39m: [35m##### GET /api/v1/petitions/6/image #####[39m
2024-05-09 15:07:54:754 [35mhttp[39m: [35m##### GET /api/v1/petitions/1/image #####[39m
2024-05-09 15:07:54:754 [35mhttp[39m: [35m##### GET /api/v1/petitions/2/image #####[39m
2024-05-09 15:07:54:754 [35mhttp[39m: [35m##### GET /api/v1/petitions/7/image #####[39m
2024-05-09 15:07:54:754 [35mhttp[39m: [35m##### GET /api/v1/petitions/8/image #####[39m
2024-05-09 15:07:54:754 [35mhttp[39m: [35m##### GET /api/v1/petitions/4/image #####[39m
2024-05-09 15:07:54:754 [35mhttp[39m: [35m##### GET /api/v1/petitions/9/image #####[39m
2024-05-09 15:07:54:754 [35mhttp[39m: [35m##### GET /api/v1/petitions/10/image #####[39m
2024-05-09 15:07:54:754 [35mhttp[39m: [35m##### GET /api/v1/petitions/3/image #####[39m
2024-05-09 15:07:54:754 [35mhttp[39m: [35m##### GET /api/v1/petitions/11/image #####[39m
2024-05-09 15:07:54:754 [35mhttp[39m: [35m##### GET /api/v1/petitions/12/image #####[39m
2024-05-09 15:07:54:754 [35mhttp[39m: [35m##### GET /api/v1/petitions/5/image #####[39m
2024-05-09 15:07:54:754 [35mhttp[39m: [35m##### GET /api/v1/petitions/13/image #####[39m
2024-05-09 15:07:54:754 [35mhttp[39m: [35m##### GET /api/v1/petitions/14/image #####[39m
2024-05-09 15:07:54:754 [35mhttp[39m: [35m##### GET /api/v1/petitions/15/image #####[39m
2024-05-09 15:07:54:754 [35mhttp[39m: [35m##### GET /api/v1/petitions/16/image #####[39m
2024-05-09 15:07:54:754 [35mhttp[39m: [35m##### GET /api/v1/petitions/17/image #####[39m
2024-05-09 15:07:54:754 [35mhttp[39m: [35m##### GET /api/v1/petitions/18/image #####[39m
